<?xml version="1.0" encoding="UTF-8"?>
<!-- Generated by org.testng.reporters.JUnitReportReporter -->
<testsuite skipped="0" hostname="Cyber54-PC" name="one.NewTest2" tests="1" failures="0" timestamp="21 Mar 2018 07:58:12 GMT" time="0.002" errors="0">
  <testcase name="testclass" time="0.002" classname="one.NewTest2"/>
</testsuite> <!-- one.NewTest2 -->
